sweet-alert/build/intermediates/manifest_merge_blame_file/debug/manifest-merger-blame-debug-report.txt
1<?xml version="1.0" encoding="utf-8"?>
2<manifest xmlns:android="http://schemas.android.com/apk/res/android"
3    package="cn.pedant.SweetAlert"
4    android:versionCode="1"
5    android:versionName="1.1.2" >
6
7    <uses-sdk
7-->src\main\AndroidManifest.xml:6:5-47
8        android:minSdkVersion="9"
8-->src\main\AndroidManifest.xml:6:5-47
9        android:targetSdkVersion="30" />
9-->src\main\AndroidManifest.xml:6:15-44
10
11    <application />
11-->src\main\AndroidManifest.xml:7:5-20
12
13</manifest>